<?xml version="1.0" encoding="UTF-8"?>
<!-- Generated by org.testng.reporters.JUnitReportReporter -->
<testsuite hostname="Delson-Roy" failures="0" tests="5" name="day26db.Demo10" time="0.011" errors="0" timestamp="2024-05-08T15:28:00 GMT-04:00" skipped="0">
  <testcase classname="day26db.Demo10" name="testA" time="0.006"/>
  <system-out>
    <![CDATA[a1
Delson
Toronto
--------]]>
  </system-out>
  <testcase classname="day26db.Demo10" name="testA" time="0.001"/>
  <system-out>
    <![CDATA[a3
Amelia
Kochi
--------]]>
  </system-out>
  <testcase classname="day26db.Demo10" name="testA" time="0.001"/>
  <system-out>
    <![CDATA[a4
Lian
Kochi
--------]]>
  </system-out>
  <testcase classname="day26db.Demo10" name="testA" time="0.001"/>
  <system-out>
    <![CDATA[a3
Amelia
Kochi
--------]]>
  </system-out>
  <testcase classname="day26db.Demo10" name="testA" time="0.002"/>
  <system-out>
    <![CDATA[a2
Bright
Kannur
--------]]>
  </system-out>
</testsuite> <!-- day26db.Demo10 -->
