<?xml version="1.0" encoding="UTF-8"?>
<!-- Generated by org.testng.reporters.JUnitReportReporter -->
<testsuite hostname="Delson-Roy" failures="0" tests="8" name="day24.Demo9" time="0.027" errors="0" timestamp="2024-05-04T19:57:30 GMT-04:00" skipped="0">
  <testcase classname="day24.Demo9" name="testA" time="0.002"/>
  <system-out>
    <![CDATA[2
Lian
Canada]]>
  </system-out>
  <testcase classname="day24.Demo9" name="testA" time="0.001"/>
  <system-out>
    <![CDATA[3-Bright-Irrity]]>
  </system-out>
  <testcase classname="day24.Demo9" name="testA" time="0.001"/>
  <system-out>
    <![CDATA[2-Lian-Canada]]>
  </system-out>
  <testcase classname="day24.Demo9" name="testA" time="0.012"/>
  <system-out>
    <![CDATA[1
Amelia
Kannur]]>
  </system-out>
  <testcase classname="day24.Demo9" name="testA" time="0.005"/>
  <system-out>
    <![CDATA[3
Bright
Irrity]]>
  </system-out>
  <testcase classname="day24.Demo9" name="testA" time="0.002"/>
  <system-out>
    <![CDATA[4
Delson
Kochi]]>
  </system-out>
  <testcase classname="day24.Demo9" name="testA" time="0.002"/>
  <system-out>
    <![CDATA[1-Amelia-Kannur]]>
  </system-out>
  <testcase classname="day24.Demo9" name="testA" time="0.002"/>
  <system-out>
    <![CDATA[4-Delson-Kochi]]>
  </system-out>
</testsuite> <!-- day24.Demo9 -->
