<?xml version="1.0" encoding="UTF-8"?>
<!-- Generated by org.testng.reporters.JUnitReportReporter -->
<testsuite hostname="Delson-Roy" failures="0" tests="8" name="day24.Demo8" time="0.032" errors="0" timestamp="2024-05-04T19:55:40 GMT-04:00" skipped="0">
  <testcase classname="day24.Demo8" name="testA" time="0.002"/>
  <system-out>
    <![CDATA[3
Bright
Irrity]]>
  </system-out>
  <testcase classname="day24.Demo8" name="testA" time="0.002"/>
  <system-out>
    <![CDATA[4-Delson-Kochi]]>
  </system-out>
  <testcase classname="day24.Demo8" name="testA" time="0.003"/>
  <system-out>
    <![CDATA[3-Bright-Irrity]]>
  </system-out>
  <testcase classname="day24.Demo8" name="testA" time="0.003"/>
  <system-out>
    <![CDATA[1-Amelia-Kannur]]>
  </system-out>
  <testcase classname="day24.Demo8" name="testA" time="0.002"/>
  <system-out>
    <![CDATA[2
Lian
Canada]]>
  </system-out>
  <testcase classname="day24.Demo8" name="testA" time="0.004"/>
  <system-out>
    <![CDATA[4
Delson
Kochi]]>
  </system-out>
  <testcase classname="day24.Demo8" name="testA" time="0.013"/>
  <system-out>
    <![CDATA[1
Amelia
Kannur]]>
  </system-out>
  <testcase classname="day24.Demo8" name="testA" time="0.003"/>
  <system-out>
    <![CDATA[2-Lian-Canada]]>
  </system-out>
</testsuite> <!-- day24.Demo8 -->
