<?xml version="1.0" encoding="UTF-8"?>
<!-- Generated by org.testng.reporters.JUnitReportReporter -->
<testsuite hostname="Delson-Roy" failures="0" tests="4" name="day26.Demo7" time="0.017" errors="0" timestamp="2024-05-08T11:01:05 GMT-04:00" skipped="0">
  <testcase classname="day26.Demo7" name="testA" time="0.001"/>
  <system-out>
    <![CDATA[adminA
managerA
--------]]>
  </system-out>
  <testcase classname="day26.Demo7" name="testA" time="0.002"/>
  <system-out>
    <![CDATA[admin3
manager3
--------]]>
  </system-out>
  <testcase classname="day26.Demo7" name="testA" time="0.012"/>
  <system-out>
    <![CDATA[admin1
manager1
--------]]>
  </system-out>
  <testcase classname="day26.Demo7" name="testA" time="0.002"/>
  <system-out>
    <![CDATA[admin2
manager2
--------]]>
  </system-out>
</testsuite> <!-- day26.Demo7 -->
