<?xml version="1.0" encoding="UTF-8"?>
<!-- Generated by org.testng.reporters.JUnitReportReporter -->
<testsuite hostname="Delson-Roy" failures="0" tests="4" name="day25.Demo8" time="0.034" errors="0" timestamp="2024-05-07T20:34:17 GMT-04:00" skipped="0">
  <testcase classname="day25.Demo8" name="testA" time="0.002"/>
  <system-out>
    <![CDATA[admin2-manager2]]>
  </system-out>
  <testcase classname="day25.Demo8" name="testA" time="0.003"/>
  <system-out>
    <![CDATA[adminA-managerA]]>
  </system-out>
  <testcase classname="day25.Demo8" name="testA" time="0.027"/>
  <system-out>
    <![CDATA[admin1-manager1]]>
  </system-out>
  <testcase classname="day25.Demo8" name="testA" time="0.002"/>
  <system-out>
    <![CDATA[admin3-manager3]]>
  </system-out>
</testsuite> <!-- day25.Demo8 -->
