<?xml version="1.0" encoding="UTF-8"?>
<!-- Generated by org.testng.reporters.JUnitReportReporter -->
<testsuite hostname="Delson-Roy" failures="0" tests="2" name="day19.Demo3" time="29.117" errors="0" timestamp="2024-04-24T22:58:57 GMT-04:00" skipped="0">
  <testcase classname="day19.Demo3" name="m1" time="13.970"/>
  <system-out/>
  <testcase classname="day19.Demo3" name="m1" time="15.147"/>
  <system-out/>
</testsuite> <!-- day19.Demo3 -->
