<?xml version="1.0" encoding="UTF-8"?>
<!-- Generated by org.testng.reporters.JUnitReportReporter -->
<testsuite hostname="Delson-Roy" failures="0" tests="1" name="day12.Demo1" time="0.023" errors="0" timestamp="2024-04-05T16:47:57 GMT-04:00" skipped="0">
  <testcase classname="day12.Demo1" name="testA" time="0.023"/>
  <system-out>
    <![CDATA[Hi This is test a
Bye this is test A]]>
  </system-out>
</testsuite> <!-- day12.Demo1 -->
